# JRE version: OpenJDK Runtime Environment (8.0_76-b03) (build 1.8.0_76-release-b03)
# Java VM: OpenJDK 64-Bit Server VM (25.76-b03 mixed mode windows-amd64 compressed oops)
Heap:
 PSYoungGen      total 349696K, used 349664K [0x00000000e0000000, 0x0000000100000000, 0x0000000100000000)
  eden space 175104K, 100% used [0x00000000e0000000,0x00000000eab00000,0x00000000eab00000)
  from space 174592K, 99% used [0x00000000eab00000,0x00000000f5578030,0x00000000f5580000)
  to   space 174592K, 99% used [0x00000000f5580000,0x00000000ffff8010,0x0000000100000000)
 ParOldGen       total 1048576K, used 242860K [0x00000000a0000000, 0x00000000e0000000, 0x00000000e0000000)
  object space 1048576K, 23% used [0x00000000a0000000,0x00000000aed2b150,0x00000000e0000000)
 Metaspace       used 102517K, capacity 107774K, committed 110768K, reserved 1146880K
  class space    used 12615K, capacity 13444K, committed 14256K, reserved 1048576K
GC Heap History (10 events):
Event: 2126.179 GC heap after
Heap after GC invocations=239 (full 27):
 PSYoungGen      total 349696K, used 167168K [0x00000000e0000000, 0x0000000100000000, 0x0000000100000000)
  eden space 175104K, 0% used [0x00000000e0000000,0x00000000e0000000,0x00000000eab00000)
  from space 174592K, 95% used [0x00000000f5580000,0x00000000ff8c0080,0x0000000100000000)
  to   space 174592K, 0% used [0x00000000eab00000,0x00000000eab00000,0x00000000f5580000)
 ParOldGen       total 1048576K, used 101531K [0x00000000a0000000, 0x00000000e0000000, 0x00000000e0000000)
  object space 1048576K, 9% used [0x00000000a0000000,0x00000000a6326c50,0x00000000e0000000)
 Metaspace       used 102517K, capacity 107774K, committed 110768K, reserved 1146880K
  class space    used 12615K, capacity 13444K, committed 14256K, reserved 1048576K
}
Event: 2126.526 GC heap before
{Heap before GC invocations=240 (full 27):
 PSYoungGen      total 349696K, used 342272K [0x00000000e0000000, 0x0000000100000000, 0x0000000100000000)
  eden space 175104K, 100% used [0x00000000e0000000,0x00000000eab00000,0x00000000eab00000)
  from space 174592K, 95% used [0x00000000f5580000,0x00000000ff8c0080,0x0000000100000000)
  to   space 174592K, 0% used [0x00000000eab00000,0x00000000eab00000,0x00000000f5580000)
 ParOldGen       total 1048576K, used 101531K [0x00000000a0000000, 0x00000000e0000000, 0x00000000e0000000)
  object space 1048576K, 9% used [0x00000000a0000000,0x00000000a6326c50,0x00000000e0000000)
 Metaspace       used 102517K, capacity 107774K, committed 110768K, reserved 1146880K
  class space    used 12615K, capacity 13444K, committed 14256K, reserved 1048576K
Event: 2126.798 GC heap after
Heap after GC invocations=240 (full 27):
 PSYoungGen      total 349696K, used 174560K [0x00000000e0000000, 0x0000000100000000, 0x0000000100000000)
  eden space 175104K, 0% used [0x00000000e0000000,0x00000000e0000000,0x00000000eab00000)
  from space 174592K, 99% used [0x00000000eab00000,0x00000000f5578070,0x00000000f5580000)
  to   space 174592K, 0% used [0x00000000f5580000,0x00000000f5580000,0x0000000100000000)
 ParOldGen       total 1048576K, used 119307K [0x00000000a0000000, 0x00000000e0000000, 0x00000000e0000000)
  object space 1048576K, 11% used [0x00000000a0000000,0x00000000a7482d98,0x00000000e0000000)
 Metaspace       used 102517K, capacity 107774K, committed 110768K, reserved 1146880K
  class space    used 12615K, capacity 13444K, committed 14256K, reserved 1048576K
}
Event: 2127.060 GC heap before
{Heap before GC invocations=241 (full 27):
 PSYoungGen      total 349696K, used 349664K [0x00000000e0000000, 0x0000000100000000, 0x0000000100000000)
  eden space 175104K, 100% used [0x00000000e0000000,0x00000000eab00000,0x00000000eab00000)
  from space 174592K, 99% used [0x00000000eab00000,0x00000000f5578070,0x00000000f5580000)
  to   space 174592K, 0% used [0x00000000f5580000,0x00000000f5580000,0x0000000100000000)
 ParOldGen       total 1048576K, used 119307K [0x00000000a0000000, 0x00000000e0000000, 0x00000000e0000000)
  object space 1048576K, 11% used [0x00000000a0000000,0x00000000a7482d98,0x00000000e0000000)
 Metaspace       used 102517K, capacity 107774K, committed 110768K, reserved 1146880K
  class space    used 12615K, capacity 13444K, committed 14256K, reserved 1048576K
Event: 2127.619 GC heap after
Heap after GC invocations=241 (full 27):
 PSYoungGen      total 349696K, used 174560K [0x00000000e0000000, 0x0000000100000000, 0x0000000100000000)
  eden space 175104K, 0% used [0x00000000e0000000,0x00000000e0000000,0x00000000eab00000)
  from space 174592K, 99% used [0x00000000f5580000,0x00000000ffff8040,0x0000000100000000)
  to   space 174592K, 0% used [0x00000000eab00000,0x00000000eab00000,0x00000000f5580000)
 ParOldGen       total 1048576K, used 159147K [0x00000000a0000000, 0x00000000e0000000, 0x00000000e0000000)
  object space 1048576K, 15% used [0x00000000a0000000,0x00000000a9b6ac20,0x00000000e0000000)
 Metaspace       used 102517K, capacity 107774K, committed 110768K, reserved 1146880K
  class space    used 12615K, capacity 13444K, committed 14256K, reserved 1048576K
}
Event: 2127.890 GC heap before
{Heap before GC invocations=242 (full 27):
 PSYoungGen      total 349696K, used 349664K [0x00000000e0000000, 0x0000000100000000, 0x0000000100000000)
  eden space 175104K, 100% used [0x00000000e0000000,0x00000000eab00000,0x00000000eab00000)
  from space 174592K, 99% used [0x00000000f5580000,0x00000000ffff8040,0x0000000100000000)
  to   space 174592K, 0% used [0x00000000eab00000,0x00000000eab00000,0x00000000f5580000)
 ParOldGen       total 1048576K, used 159147K [0x00000000a0000000, 0x00000000e0000000, 0x00000000e0000000)
  object space 1048576K, 15% used [0x00000000a0000000,0x00000000a9b6ac20,0x00000000e0000000)
 Metaspace       used 102517K, capacity 107774K, committed 110768K, reserved 1146880K
  class space    used 12615K, capacity 13444K, committed 14256K, reserved 1048576K
Event: 2128.212 GC heap after
Heap after GC invocations=242 (full 27):
 PSYoungGen      total 349696K, used 174560K [0x00000000e0000000, 0x0000000100000000, 0x0000000100000000)
  eden space 175104K, 0% used [0x00000000e0000000,0x00000000e0000000,0x00000000eab00000)
  from space 174592K, 99% used [0x00000000eab00000,0x00000000f5578030,0x00000000f5580000)
  to   space 174592K, 0% used [0x00000000f5580000,0x00000000f5580000,0x0000000100000000)
 ParOldGen       total 1048576K, used 206228K [0x00000000a0000000, 0x00000000e0000000, 0x00000000e0000000)
  object space 1048576K, 19% used [0x00000000a0000000,0x00000000ac965140,0x00000000e0000000)
 Metaspace       used 102517K, capacity 107774K, committed 110768K, reserved 1146880K
  class space    used 12615K, capacity 13444K, committed 14256K, reserved 1048576K
}
Event: 2128.426 GC heap before
{Heap before GC invocations=243 (full 27):
 PSYoungGen      total 349696K, used 349664K [0x00000000e0000000, 0x0000000100000000, 0x0000000100000000)
  eden space 175104K, 100% used [0x00000000e0000000,0x00000000eab00000,0x00000000eab00000)
  from space 174592K, 99% used [0x00000000eab00000,0x00000000f5578030,0x00000000f5580000)
  to   space 174592K, 0% used [0x00000000f5580000,0x00000000f5580000,0x0000000100000000)
 ParOldGen       total 1048576K, used 206228K [0x00000000a0000000, 0x00000000e0000000, 0x00000000e0000000)
  object space 1048576K, 19% used [0x00000000a0000000,0x00000000ac965140,0x00000000e0000000)
 Metaspace       used 102517K, capacity 107774K, committed 110768K, reserved 1146880K
  class space    used 12615K, capacity 13444K, committed 14256K, reserved 1048576K
Event: 2128.889 GC heap after
Heap after GC invocations=243 (full 27):
 PSYoungGen      total 349696K, used 349664K [0x00000000e0000000, 0x0000000100000000, 0x0000000100000000)
  eden space 175104K, 100% used [0x00000000e0000000,0x00000000eab00000,0x00000000eab00000)
  from space 174592K, 99% used [0x00000000eab00000,0x00000000f5578030,0x00000000f5580000)
  to   space 174592K, 99% used [0x00000000f5580000,0x00000000ffff8010,0x0000000100000000)
 ParOldGen       total 1048576K, used 242860K [0x00000000a0000000, 0x00000000e0000000, 0x00000000e0000000)
  object space 1048576K, 23% used [0x00000000a0000000,0x00000000aed2b150,0x00000000e0000000)
 Metaspace       used 102517K, capacity 107774K, committed 110768K, reserved 1146880K
  class space    used 12615K, capacity 13444K, committed 14256K, reserved 1048576K
}
Event: 2128.889 GC heap before
{Heap before GC invocations=244 (full 28):
 PSYoungGen      total 349696K, used 349664K [0x00000000e0000000, 0x0000000100000000, 0x0000000100000000)
  eden space 175104K, 100% used [0x00000000e0000000,0x00000000eab00000,0x00000000eab00000)
  from space 174592K, 99% used [0x00000000eab00000,0x00000000f5578030,0x00000000f5580000)
  to   space 174592K, 99% used [0x00000000f5580000,0x00000000ffff8010,0x0000000100000000)
 ParOldGen       total 1048576K, used 242860K [0x00000000a0000000, 0x00000000e0000000, 0x00000000e0000000)
  object space 1048576K, 23% used [0x00000000a0000000,0x00000000aed2b150,0x00000000e0000000)
 Metaspace       used 102517K, capacity 107774K, committed 110768K, reserved 1146880K
  class space    used 12615K, capacity 13444K, committed 14256K, reserved 1048576K

