# JRE version: OpenJDK Runtime Environment (8.0_76-b03) (build 1.8.0_76-release-b03)
# Java VM: OpenJDK 64-Bit Server VM (25.76-b03 mixed mode windows-amd64 compressed oops)
Heap:
 PSYoungGen      total 349696K, used 175104K [0x00000000e0000000, 0x0000000100000000, 0x0000000100000000)
  eden space 175104K, 100% used [0x00000000e0000000,0x00000000eab00000,0x00000000eab00000)
  from space 174592K, 0% used [0x00000000eab00000,0x00000000eab00000,0x00000000f5580000)
  to   space 174592K, 0% used [0x00000000f5580000,0x00000000f5580000,0x0000000100000000)
 ParOldGen       total 1048576K, used 1023216K [0x00000000a0000000, 0x00000000e0000000, 0x00000000e0000000)
  object space 1048576K, 97% used [0x00000000a0000000,0x00000000de73c040,0x00000000e0000000)
 Metaspace       used 75461K, capacity 78054K, committed 78360K, reserved 1118208K
  class space    used 9691K, capacity 10261K, committed 10288K, reserved 1048576K
GC Heap History (10 events):
Event: 152.366 GC heap after
Heap after GC invocations=84 (full 13):
 PSYoungGen      total 349696K, used 47104K [0x00000000e0000000, 0x0000000100000000, 0x0000000100000000)
  eden space 175104K, 0% used [0x00000000e0000000,0x00000000e0000000,0x00000000eab00000)
  from space 174592K, 26% used [0x00000000eab00000,0x00000000ed900000,0x00000000f5580000)
  to   space 174592K, 0% used [0x00000000f5580000,0x00000000f5580000,0x0000000100000000)
 ParOldGen       total 1048576K, used 900345K [0x00000000a0000000, 0x00000000e0000000, 0x00000000e0000000)
  object space 1048576K, 85% used [0x00000000a0000000,0x00000000d6f3e6c0,0x00000000e0000000)
 Metaspace       used 74622K, capacity 77248K, committed 77464K, reserved 1116160K
  class space    used 9525K, capacity 10100K, committed 10160K, reserved 1048576K
}
Event: 152.574 GC heap before
{Heap before GC invocations=85 (full 13):
 PSYoungGen      total 349696K, used 222208K [0x00000000e0000000, 0x0000000100000000, 0x0000000100000000)
  eden space 175104K, 100% used [0x00000000e0000000,0x00000000eab00000,0x00000000eab00000)
  from space 174592K, 26% used [0x00000000eab00000,0x00000000ed900000,0x00000000f5580000)
  to   space 174592K, 0% used [0x00000000f5580000,0x00000000f5580000,0x0000000100000000)
 ParOldGen       total 1048576K, used 900347K [0x00000000a0000000, 0x00000000e0000000, 0x00000000e0000000)
  object space 1048576K, 85% used [0x00000000a0000000,0x00000000d6f3ed50,0x00000000e0000000)
 Metaspace       used 74622K, capacity 77248K, committed 77464K, reserved 1116160K
  class space    used 9525K, capacity 10100K, committed 10160K, reserved 1048576K
Event: 152.695 GC heap after
Heap after GC invocations=85 (full 13):
 PSYoungGen      total 349696K, used 50848K [0x00000000e0000000, 0x0000000100000000, 0x0000000100000000)
  eden space 175104K, 0% used [0x00000000e0000000,0x00000000e0000000,0x00000000eab00000)
  from space 174592K, 29% used [0x00000000f5580000,0x00000000f8728000,0x0000000100000000)
  to   space 174592K, 0% used [0x00000000eab00000,0x00000000eab00000,0x00000000f5580000)
 ParOldGen       total 1048576K, used 946523K [0x00000000a0000000, 0x00000000e0000000, 0x00000000e0000000)
  object space 1048576K, 90% used [0x00000000a0000000,0x00000000d9c56d50,0x00000000e0000000)
 Metaspace       used 74622K, capacity 77248K, committed 77464K, reserved 1116160K
  class space    used 9525K, capacity 10100K, committed 10160K, reserved 1048576K
}
Event: 152.915 GC heap before
{Heap before GC invocations=86 (full 13):
 PSYoungGen      total 349696K, used 225952K [0x00000000e0000000, 0x0000000100000000, 0x0000000100000000)
  eden space 175104K, 100% used [0x00000000e0000000,0x00000000eab00000,0x00000000eab00000)
  from space 174592K, 29% used [0x00000000f5580000,0x00000000f8728000,0x0000000100000000)
  to   space 174592K, 0% used [0x00000000eab00000,0x00000000eab00000,0x00000000f5580000)
 ParOldGen       total 1048576K, used 946523K [0x00000000a0000000, 0x00000000e0000000, 0x00000000e0000000)
  object space 1048576K, 90% used [0x00000000a0000000,0x00000000d9c56d50,0x00000000e0000000)
 Metaspace       used 74622K, capacity 77248K, committed 77464K, reserved 1116160K
  class space    used 9525K, capacity 10100K, committed 10160K, reserved 1048576K
Event: 153.031 GC heap after
Heap after GC invocations=86 (full 13):
 PSYoungGen      total 349696K, used 47872K [0x00000000e0000000, 0x0000000100000000, 0x0000000100000000)
  eden space 175104K, 0% used [0x00000000e0000000,0x00000000e0000000,0x00000000eab00000)
  from space 174592K, 27% used [0x00000000eab00000,0x00000000ed9c0000,0x00000000f5580000)
  to   space 174592K, 0% used [0x00000000f5580000,0x00000000f5580000,0x0000000100000000)
 ParOldGen       total 1048576K, used 992635K [0x00000000a0000000, 0x00000000e0000000, 0x00000000e0000000)
  object space 1048576K, 94% used [0x00000000a0000000,0x00000000dc95ed50,0x00000000e0000000)
 Metaspace       used 74622K, capacity 77248K, committed 77464K, reserved 1116160K
  class space    used 9525K, capacity 10100K, committed 10160K, reserved 1048576K
}
Event: 153.031 GC heap before
{Heap before GC invocations=87 (full 14):
 PSYoungGen      total 349696K, used 47872K [0x00000000e0000000, 0x0000000100000000, 0x0000000100000000)
  eden space 175104K, 0% used [0x00000000e0000000,0x00000000e0000000,0x00000000eab00000)
  from space 174592K, 27% used [0x00000000eab00000,0x00000000ed9c0000,0x00000000f5580000)
  to   space 174592K, 0% used [0x00000000f5580000,0x00000000f5580000,0x0000000100000000)
 ParOldGen       total 1048576K, used 992635K [0x00000000a0000000, 0x00000000e0000000, 0x00000000e0000000)
  object space 1048576K, 94% used [0x00000000a0000000,0x00000000dc95ed50,0x00000000e0000000)
 Metaspace       used 74622K, capacity 77248K, committed 77464K, reserved 1116160K
  class space    used 9525K, capacity 10100K, committed 10160K, reserved 1048576K
Event: 156.913 GC heap after
Heap after GC invocations=87 (full 14):
 PSYoungGen      total 349696K, used 0K [0x00000000e0000000, 0x0000000100000000, 0x0000000100000000)
  eden space 175104K, 0% used [0x00000000e0000000,0x00000000e0000000,0x00000000eab00000)
  from space 174592K, 0% used [0x00000000eab00000,0x00000000eab00000,0x00000000f5580000)
  to   space 174592K, 0% used [0x00000000f5580000,0x00000000f5580000,0x0000000100000000)
 ParOldGen       total 1048576K, used 985527K [0x00000000a0000000, 0x00000000e0000000, 0x00000000e0000000)
  object space 1048576K, 93% used [0x00000000a0000000,0x00000000dc26df30,0x00000000e0000000)
 Metaspace       used 74622K, capacity 77248K, committed 77464K, reserved 1116160K
  class space    used 9525K, capacity 10100K, committed 10160K, reserved 1048576K
}
Event: 157.139 GC heap before
{Heap before GC invocations=88 (full 15):
 PSYoungGen      total 349696K, used 175104K [0x00000000e0000000, 0x0000000100000000, 0x0000000100000000)
  eden space 175104K, 100% used [0x00000000e0000000,0x00000000eab00000,0x00000000eab00000)
  from space 174592K, 0% used [0x00000000eab00000,0x00000000eab00000,0x00000000f5580000)
  to   space 174592K, 0% used [0x00000000f5580000,0x00000000f5580000,0x0000000100000000)
 ParOldGen       total 1048576K, used 985527K [0x00000000a0000000, 0x00000000e0000000, 0x00000000e0000000)
  object space 1048576K, 93% used [0x00000000a0000000,0x00000000dc26df30,0x00000000e0000000)
 Metaspace       used 74622K, capacity 77248K, committed 77464K, reserved 1116160K
  class space    used 9525K, capacity 10100K, committed 10160K, reserved 1048576K
Event: 160.990 GC heap after
Heap after GC invocations=88 (full 15):
 PSYoungGen      total 349696K, used 0K [0x00000000e0000000, 0x0000000100000000, 0x0000000100000000)
  eden space 175104K, 0% used [0x00000000e0000000,0x00000000e0000000,0x00000000eab00000)
  from space 174592K, 0% used [0x00000000eab00000,0x00000000eab00000,0x00000000f5580000)
  to   space 174592K, 0% used [0x00000000f5580000,0x00000000f5580000,0x0000000100000000)
 ParOldGen       total 1048576K, used 1023216K [0x00000000a0000000, 0x00000000e0000000, 0x00000000e0000000)
  object space 1048576K, 97% used [0x00000000a0000000,0x00000000de73c040,0x00000000e0000000)
 Metaspace       used 74622K, capacity 77248K, committed 77464K, reserved 1116160K
  class space    used 9525K, capacity 10100K, committed 10160K, reserved 1048576K
}
Event: 161.532 GC heap before
{Heap before GC invocations=89 (full 16):
 PSYoungGen      total 349696K, used 175104K [0x00000000e0000000, 0x0000000100000000, 0x0000000100000000)
  eden space 175104K, 100% used [0x00000000e0000000,0x00000000eab00000,0x00000000eab00000)
  from space 174592K, 0% used [0x00000000eab00000,0x00000000eab00000,0x00000000f5580000)
  to   space 174592K, 0% used [0x00000000f5580000,0x00000000f5580000,0x0000000100000000)
 ParOldGen       total 1048576K, used 1023216K [0x00000000a0000000, 0x00000000e0000000, 0x00000000e0000000)
  object space 1048576K, 97% used [0x00000000a0000000,0x00000000de73c040,0x00000000e0000000)
 Metaspace       used 75461K, capacity 78054K, committed 78360K, reserved 1118208K
  class space    used 9691K, capacity 10261K, committed 10288K, reserved 1048576K

