# JRE version: OpenJDK Runtime Environment (8.0_76-b03) (build 1.8.0_76-release-b03)
# Java VM: OpenJDK 64-Bit Server VM (25.76-b03 mixed mode windows-amd64 compressed oops)
Heap:
 PSYoungGen      total 349696K, used 175104K [0x00000000e0000000, 0x0000000100000000, 0x0000000100000000)
  eden space 175104K, 100% used [0x00000000e0000000,0x00000000eab00000,0x00000000eab00000)
  from space 174592K, 0% used [0x00000000eab00000,0x00000000eab00000,0x00000000f5580000)
  to   space 174592K, 0% used [0x00000000f5580000,0x00000000f5580000,0x0000000100000000)
 ParOldGen       total 1048576K, used 1048014K [0x00000000a0000000, 0x00000000e0000000, 0x00000000e0000000)
  object space 1048576K, 99% used [0x00000000a0000000,0x00000000dff73920,0x00000000e0000000)
 Metaspace       used 79227K, capacity 82786K, committed 83376K, reserved 1122304K
  class space    used 9916K, capacity 10551K, committed 10672K, reserved 1048576K
GC Heap History (10 events):
Event: 919.210 GC heap after
Heap after GC invocations=135 (full 21):
 PSYoungGen      total 349696K, used 49472K [0x00000000e0000000, 0x0000000100000000, 0x0000000100000000)
  eden space 175104K, 0% used [0x00000000e0000000,0x00000000e0000000,0x00000000eab00000)
  from space 174592K, 28% used [0x00000000f5580000,0x00000000f85d0000,0x0000000100000000)
  to   space 174592K, 0% used [0x00000000eab00000,0x00000000eab00000,0x00000000f5580000)
 ParOldGen       total 1048576K, used 925420K [0x00000000a0000000, 0x00000000e0000000, 0x00000000e0000000)
  object space 1048576K, 88% used [0x00000000a0000000,0x00000000d87bb1e0,0x00000000e0000000)
 Metaspace       used 79485K, capacity 83200K, committed 83376K, reserved 1122304K
  class space    used 9967K, capacity 10646K, committed 10672K, reserved 1048576K
}
Event: 919.428 GC heap before
{Heap before GC invocations=136 (full 21):
 PSYoungGen      total 349696K, used 224576K [0x00000000e0000000, 0x0000000100000000, 0x0000000100000000)
  eden space 175104K, 100% used [0x00000000e0000000,0x00000000eab00000,0x00000000eab00000)
  from space 174592K, 28% used [0x00000000f5580000,0x00000000f85d0000,0x0000000100000000)
  to   space 174592K, 0% used [0x00000000eab00000,0x00000000eab00000,0x00000000f5580000)
 ParOldGen       total 1048576K, used 925420K [0x00000000a0000000, 0x00000000e0000000, 0x00000000e0000000)
  object space 1048576K, 88% used [0x00000000a0000000,0x00000000d87bb1f8,0x00000000e0000000)
 Metaspace       used 79485K, capacity 83200K, committed 83376K, reserved 1122304K
  class space    used 9967K, capacity 10646K, committed 10672K, reserved 1048576K
Event: 919.549 GC heap after
Heap after GC invocations=136 (full 21):
 PSYoungGen      total 349696K, used 48448K [0x00000000e0000000, 0x0000000100000000, 0x0000000100000000)
  eden space 175104K, 0% used [0x00000000e0000000,0x00000000e0000000,0x00000000eab00000)
  from space 174592K, 27% used [0x00000000eab00000,0x00000000eda50000,0x00000000f5580000)
  to   space 174592K, 0% used [0x00000000f5580000,0x00000000f5580000,0x0000000100000000)
 ParOldGen       total 1048576K, used 973524K [0x00000000a0000000, 0x00000000e0000000, 0x00000000e0000000)
  object space 1048576K, 92% used [0x00000000a0000000,0x00000000db6b51f8,0x00000000e0000000)
 Metaspace       used 79485K, capacity 83200K, committed 83376K, reserved 1122304K
  class space    used 9967K, capacity 10646K, committed 10672K, reserved 1048576K
}
Event: 919.549 GC heap before
{Heap before GC invocations=137 (full 22):
 PSYoungGen      total 349696K, used 48448K [0x00000000e0000000, 0x0000000100000000, 0x0000000100000000)
  eden space 175104K, 0% used [0x00000000e0000000,0x00000000e0000000,0x00000000eab00000)
  from space 174592K, 27% used [0x00000000eab00000,0x00000000eda50000,0x00000000f5580000)
  to   space 174592K, 0% used [0x00000000f5580000,0x00000000f5580000,0x0000000100000000)
 ParOldGen       total 1048576K, used 973524K [0x00000000a0000000, 0x00000000e0000000, 0x00000000e0000000)
  object space 1048576K, 92% used [0x00000000a0000000,0x00000000db6b51f8,0x00000000e0000000)
 Metaspace       used 79485K, capacity 83200K, committed 83376K, reserved 1122304K
  class space    used 9967K, capacity 10646K, committed 10672K, reserved 1048576K
Event: 923.345 GC heap after
Heap after GC invocations=137 (full 22):
 PSYoungGen      total 349696K, used 0K [0x00000000e0000000, 0x0000000100000000, 0x0000000100000000)
  eden space 175104K, 0% used [0x00000000e0000000,0x00000000e0000000,0x00000000eab00000)
  from space 174592K, 0% used [0x00000000eab00000,0x00000000eab00000,0x00000000f5580000)
  to   space 174592K, 0% used [0x00000000f5580000,0x00000000f5580000,0x0000000100000000)
 ParOldGen       total 1048576K, used 980798K [0x00000000a0000000, 0x00000000e0000000, 0x00000000e0000000)
  object space 1048576K, 93% used [0x00000000a0000000,0x00000000dbdcf8c8,0x00000000e0000000)
 Metaspace       used 79153K, capacity 82658K, committed 83376K, reserved 1122304K
  class space    used 9916K, capacity 10551K, committed 10672K, reserved 1048576K
}
Event: 923.561 GC heap before
{Heap before GC invocations=138 (full 23):
 PSYoungGen      total 349696K, used 175104K [0x00000000e0000000, 0x0000000100000000, 0x0000000100000000)
  eden space 175104K, 100% used [0x00000000e0000000,0x00000000eab00000,0x00000000eab00000)
  from space 174592K, 0% used [0x00000000eab00000,0x00000000eab00000,0x00000000f5580000)
  to   space 174592K, 0% used [0x00000000f5580000,0x00000000f5580000,0x0000000100000000)
 ParOldGen       total 1048576K, used 980799K [0x00000000a0000000, 0x00000000e0000000, 0x00000000e0000000)
  object space 1048576K, 93% used [0x00000000a0000000,0x00000000dbdcffe8,0x00000000e0000000)
 Metaspace       used 79153K, capacity 82658K, committed 83376K, reserved 1122304K
  class space    used 9916K, capacity 10551K, committed 10672K, reserved 1048576K
Event: 926.792 GC heap after
Heap after GC invocations=138 (full 23):
 PSYoungGen      total 349696K, used 0K [0x00000000e0000000, 0x0000000100000000, 0x0000000100000000)
  eden space 175104K, 0% used [0x00000000e0000000,0x00000000e0000000,0x00000000eab00000)
  from space 174592K, 0% used [0x00000000eab00000,0x00000000eab00000,0x00000000f5580000)
  to   space 174592K, 0% used [0x00000000f5580000,0x00000000f5580000,0x0000000100000000)
 ParOldGen       total 1048576K, used 1015275K [0x00000000a0000000, 0x00000000e0000000, 0x00000000e0000000)
  object space 1048576K, 96% used [0x00000000a0000000,0x00000000ddf7ae20,0x00000000e0000000)
 Metaspace       used 79153K, capacity 82658K, committed 83376K, reserved 1122304K
  class space    used 9916K, capacity 10551K, committed 10672K, reserved 1048576K
}
Event: 927.192 GC heap before
{Heap before GC invocations=139 (full 24):
 PSYoungGen      total 349696K, used 175104K [0x00000000e0000000, 0x0000000100000000, 0x0000000100000000)
  eden space 175104K, 100% used [0x00000000e0000000,0x00000000eab00000,0x00000000eab00000)
  from space 174592K, 0% used [0x00000000eab00000,0x00000000eab00000,0x00000000f5580000)
  to   space 174592K, 0% used [0x00000000f5580000,0x00000000f5580000,0x0000000100000000)
 ParOldGen       total 1048576K, used 1015275K [0x00000000a0000000, 0x00000000e0000000, 0x00000000e0000000)
  object space 1048576K, 96% used [0x00000000a0000000,0x00000000ddf7ae20,0x00000000e0000000)
 Metaspace       used 79203K, capacity 82722K, committed 83376K, reserved 1122304K
  class space    used 9916K, capacity 10551K, committed 10672K, reserved 1048576K
Event: 930.417 GC heap after
Heap after GC invocations=139 (full 24):
 PSYoungGen      total 349696K, used 0K [0x00000000e0000000, 0x0000000100000000, 0x0000000100000000)
  eden space 175104K, 0% used [0x00000000e0000000,0x00000000e0000000,0x00000000eab00000)
  from space 174592K, 0% used [0x00000000eab00000,0x00000000eab00000,0x00000000f5580000)
  to   space 174592K, 0% used [0x00000000f5580000,0x00000000f5580000,0x0000000100000000)
 ParOldGen       total 1048576K, used 1048014K [0x00000000a0000000, 0x00000000e0000000, 0x00000000e0000000)
  object space 1048576K, 99% used [0x00000000a0000000,0x00000000dff73920,0x00000000e0000000)
 Metaspace       used 79203K, capacity 82722K, committed 83376K, reserved 1122304K
  class space    used 9916K, capacity 10551K, committed 10672K, reserved 1048576K
}
Event: 931.374 GC heap before
{Heap before GC invocations=140 (full 25):
 PSYoungGen      total 349696K, used 175104K [0x00000000e0000000, 0x0000000100000000, 0x0000000100000000)
  eden space 175104K, 100% used [0x00000000e0000000,0x00000000eab00000,0x00000000eab00000)
  from space 174592K, 0% used [0x00000000eab00000,0x00000000eab00000,0x00000000f5580000)
  to   space 174592K, 0% used [0x00000000f5580000,0x00000000f5580000,0x0000000100000000)
 ParOldGen       total 1048576K, used 1048014K [0x00000000a0000000, 0x00000000e0000000, 0x00000000e0000000)
  object space 1048576K, 99% used [0x00000000a0000000,0x00000000dff73920,0x00000000e0000000)
 Metaspace       used 79227K, capacity 82786K, committed 83376K, reserved 1122304K
  class space    used 9916K, capacity 10551K, committed 10672K, reserved 1048576K

